2014-10-21T12:54:57+00:00 ERR (3): Warning: in_array() expects parameter 2 to be array, null given  in /usr/share/nginx/thaymatkinh/app/code/local/Sm/Megamenu/Block/List.php on line 238
2014-10-21T12:54:57+00:00 ERR (3): Warning: in_array() expects parameter 2 to be array, null given  in /usr/share/nginx/thaymatkinh/app/code/local/Sm/Megamenu/Block/List.php on line 238
2014-10-21T12:54:57+00:00 ERR (3): Warning: in_array() expects parameter 2 to be array, null given  in /usr/share/nginx/thaymatkinh/app/code/local/Sm/Megamenu/Block/List.php on line 238
2014-10-21T12:54:57+00:00 ERR (3): Warning: in_array() expects parameter 2 to be array, null given  in /usr/share/nginx/thaymatkinh/app/code/local/Sm/Megamenu/Block/List.php on line 238
2014-10-21T12:54:57+00:00 ERR (3): Warning: in_array() expects parameter 2 to be array, null given  in /usr/share/nginx/thaymatkinh/app/code/local/Sm/Megamenu/Block/List.php on line 238
2014-10-21T12:54:57+00:00 ERR (3): Warning: in_array() expects parameter 2 to be array, null given  in /usr/share/nginx/thaymatkinh/app/code/local/Sm/Megamenu/Block/List.php on line 238
2014-10-21T12:54:57+00:00 ERR (3): Warning: in_array() expects parameter 2 to be array, null given  in /usr/share/nginx/thaymatkinh/app/code/local/Sm/Megamenu/Block/List.php on line 238
2014-10-21T12:54:57+00:00 ERR (3): Warning: in_array() expects parameter 2 to be array, null given  in /usr/share/nginx/thaymatkinh/app/code/local/Sm/Megamenu/Block/List.php on line 238
2014-10-21T12:54:57+00:00 ERR (3): Warning: in_array() expects parameter 2 to be array, null given  in /usr/share/nginx/thaymatkinh/app/code/local/Sm/Megamenu/Block/List.php on line 238
2014-10-21T12:54:57+00:00 ERR (3): Warning: in_array() expects parameter 2 to be array, null given  in /usr/share/nginx/thaymatkinh/app/code/local/Sm/Megamenu/Block/List.php on line 238
2014-10-21T12:54:57+00:00 ERR (3): Warning: in_array() expects parameter 2 to be array, null given  in /usr/share/nginx/thaymatkinh/app/code/local/Sm/Megamenu/Block/List.php on line 238
2014-10-21T12:54:57+00:00 ERR (3): Warning: in_array() expects parameter 2 to be array, null given  in /usr/share/nginx/thaymatkinh/app/code/local/Sm/Megamenu/Block/List.php on line 238
2014-10-21T12:54:57+00:00 ERR (3): Warning: in_array() expects parameter 2 to be array, null given  in /usr/share/nginx/thaymatkinh/app/code/local/Sm/Megamenu/Block/List.php on line 238
2014-10-21T12:54:57+00:00 ERR (3): Warning: in_array() expects parameter 2 to be array, null given  in /usr/share/nginx/thaymatkinh/app/code/local/Sm/Megamenu/Block/List.php on line 238
2014-10-21T12:54:57+00:00 ERR (3): Warning: in_array() expects parameter 2 to be array, null given  in /usr/share/nginx/thaymatkinh/app/code/local/Sm/Megamenu/Block/List.php on line 238
2014-10-21T12:54:57+00:00 ERR (3): Warning: in_array() expects parameter 2 to be array, null given  in /usr/share/nginx/thaymatkinh/app/code/local/Sm/Megamenu/Block/List.php on line 238
2014-10-21T12:54:57+00:00 ERR (3): Warning: in_array() expects parameter 2 to be array, null given  in /usr/share/nginx/thaymatkinh/app/code/local/Sm/Megamenu/Block/List.php on line 238
2014-10-21T12:54:57+00:00 ERR (3): Warning: in_array() expects parameter 2 to be array, null given  in /usr/share/nginx/thaymatkinh/app/code/local/Sm/Megamenu/Block/List.php on line 238
2014-10-21T12:54:57+00:00 ERR (3): Warning: in_array() expects parameter 2 to be array, null given  in /usr/share/nginx/thaymatkinh/app/code/local/Sm/Megamenu/Block/List.php on line 238
2014-10-21T12:54:57+00:00 ERR (3): Warning: in_array() expects parameter 2 to be array, null given  in /usr/share/nginx/thaymatkinh/app/code/local/Sm/Megamenu/Block/List.php on line 238
2014-10-21T14:03:48+00:00 DEBUG (7): HEADERS ALREADY SENT: <pre>[0] /usr/share/nginx/thaymatkinh/app/code/core/Mage/Core/Controller/Response/Http.php:52
[1] /usr/share/nginx/thaymatkinh/lib/Zend/Controller/Response/Abstract.php:768
[2] /usr/share/nginx/thaymatkinh/app/code/core/Mage/Core/Controller/Response/Http.php:84
[3] /usr/share/nginx/thaymatkinh/app/code/core/Mage/Core/Controller/Varien/Front.php:184
[4] /usr/share/nginx/thaymatkinh/app/code/core/Mage/Core/Model/App.php:354
[5] /usr/share/nginx/thaymatkinh/app/Mage.php:684
[6] /usr/share/nginx/thaymatkinh/index.php:87
</pre>
2014-10-21T14:03:50+00:00 DEBUG (7): HEADERS ALREADY SENT: <pre>[0] /usr/share/nginx/thaymatkinh/app/code/core/Mage/Core/Controller/Response/Http.php:52
[1] /usr/share/nginx/thaymatkinh/lib/Zend/Controller/Response/Abstract.php:768
[2] /usr/share/nginx/thaymatkinh/app/code/core/Mage/Core/Controller/Response/Http.php:84
[3] /usr/share/nginx/thaymatkinh/app/code/core/Mage/Core/Controller/Varien/Front.php:184
[4] /usr/share/nginx/thaymatkinh/app/code/core/Mage/Core/Model/App.php:354
[5] /usr/share/nginx/thaymatkinh/app/Mage.php:684
[6] /usr/share/nginx/thaymatkinh/index.php:87
</pre>
2014-10-21T14:03:54+00:00 DEBUG (7): HEADERS ALREADY SENT: <pre>[0] /usr/share/nginx/thaymatkinh/app/code/core/Mage/Core/Controller/Response/Http.php:52
[1] /usr/share/nginx/thaymatkinh/lib/Zend/Controller/Response/Abstract.php:768
[2] /usr/share/nginx/thaymatkinh/app/code/core/Mage/Core/Controller/Response/Http.php:84
[3] /usr/share/nginx/thaymatkinh/app/code/core/Mage/Core/Controller/Varien/Front.php:184
[4] /usr/share/nginx/thaymatkinh/app/code/core/Mage/Core/Model/App.php:354
[5] /usr/share/nginx/thaymatkinh/app/Mage.php:684
[6] /usr/share/nginx/thaymatkinh/index.php:87
</pre>
2014-10-22T04:47:56+00:00 ERR (3): Notice: Undefined index: REQUEST_SCHEME  in /usr/share/nginx/thaymatkinh/app/code/local/Sm/DynamicSlideshow/Block/Sliders/Preview.php on line 727
2014-10-22T05:08:17+00:00 ERR (3): Notice: Undefined index: REQUEST_SCHEME  in /usr/share/nginx/thaymatkinh/app/code/local/Sm/DynamicSlideshow/Block/Sliders/Preview.php on line 727
2014-10-22T05:10:34+00:00 ERR (3): Notice: Undefined index: REQUEST_SCHEME  in /usr/share/nginx/thaymatkinh/app/code/local/Sm/DynamicSlideshow/Block/Sliders/Preview.php on line 727
2014-10-22T06:07:17+00:00 ERR (3): Notice: Undefined index: REQUEST_SCHEME  in /usr/share/nginx/thaymatkinh/app/code/local/Sm/DynamicSlideshow/Block/Sliders/Preview.php on line 727
2014-10-22T06:14:28+00:00 ERR (3): Warning: in_array() expects parameter 2 to be array, null given  in /usr/share/nginx/thaymatkinh/app/code/local/Sm/Megamenu/Block/List.php on line 238
2014-10-22T06:14:28+00:00 ERR (3): Warning: in_array() expects parameter 2 to be array, null given  in /usr/share/nginx/thaymatkinh/app/code/local/Sm/Megamenu/Block/List.php on line 238
2014-10-22T06:14:28+00:00 ERR (3): Warning: in_array() expects parameter 2 to be array, null given  in /usr/share/nginx/thaymatkinh/app/code/local/Sm/Megamenu/Block/List.php on line 238
2014-10-22T06:14:28+00:00 ERR (3): Warning: in_array() expects parameter 2 to be array, null given  in /usr/share/nginx/thaymatkinh/app/code/local/Sm/Megamenu/Block/List.php on line 238
2014-10-22T06:14:28+00:00 ERR (3): Warning: in_array() expects parameter 2 to be array, null given  in /usr/share/nginx/thaymatkinh/app/code/local/Sm/Megamenu/Block/List.php on line 238
2014-10-22T06:14:28+00:00 ERR (3): Warning: in_array() expects parameter 2 to be array, null given  in /usr/share/nginx/thaymatkinh/app/code/local/Sm/Megamenu/Block/List.php on line 238
2014-10-22T06:14:28+00:00 ERR (3): Warning: in_array() expects parameter 2 to be array, null given  in /usr/share/nginx/thaymatkinh/app/code/local/Sm/Megamenu/Block/List.php on line 238
2014-10-22T06:14:28+00:00 ERR (3): Warning: in_array() expects parameter 2 to be array, null given  in /usr/share/nginx/thaymatkinh/app/code/local/Sm/Megamenu/Block/List.php on line 238
2014-10-22T06:14:28+00:00 ERR (3): Warning: in_array() expects parameter 2 to be array, null given  in /usr/share/nginx/thaymatkinh/app/code/local/Sm/Megamenu/Block/List.php on line 238
2014-10-22T06:14:28+00:00 ERR (3): Warning: in_array() expects parameter 2 to be array, null given  in /usr/share/nginx/thaymatkinh/app/code/local/Sm/Megamenu/Block/List.php on line 238
2014-10-22T06:14:58+00:00 ERR (3): Notice: Undefined index: visible  in /usr/share/nginx/thaymatkinh/app/code/local/Sm/Megamenu/Block/Adminhtml/Widget/AddField.php on line 23
2014-10-22T06:14:58+00:00 ERR (3): Notice: Undefined index: required  in /usr/share/nginx/thaymatkinh/app/code/local/Sm/Megamenu/Block/Adminhtml/Widget/AddField.php on line 24
2014-10-22T06:14:58+00:00 ERR (3): Notice: Undefined index: type  in /usr/share/nginx/thaymatkinh/app/code/local/Sm/Megamenu/Block/Adminhtml/Widget/AddField.php on line 25
2014-10-22T06:14:58+00:00 ERR (3): Notice: Undefined index: values  in /usr/share/nginx/thaymatkinh/app/code/local/Sm/Megamenu/Block/Adminhtml/Widget/AddField.php on line 27
2014-10-22T06:14:58+00:00 ERR (3): Notice: Undefined index: visible  in /usr/share/nginx/thaymatkinh/app/code/local/Sm/Megamenu/Block/Adminhtml/Widget/AddField.php on line 23
2014-10-22T06:14:58+00:00 ERR (3): Notice: Undefined index: required  in /usr/share/nginx/thaymatkinh/app/code/local/Sm/Megamenu/Block/Adminhtml/Widget/AddField.php on line 24
2014-10-22T06:14:58+00:00 ERR (3): Notice: Undefined index: type  in /usr/share/nginx/thaymatkinh/app/code/local/Sm/Megamenu/Block/Adminhtml/Widget/AddField.php on line 25
2014-10-22T06:14:58+00:00 ERR (3): Notice: Undefined index: values  in /usr/share/nginx/thaymatkinh/app/code/local/Sm/Megamenu/Block/Adminhtml/Widget/AddField.php on line 27
2014-10-22T06:14:58+00:00 ERR (3): Notice: Undefined index: visible  in /usr/share/nginx/thaymatkinh/app/code/local/Sm/Megamenu/Block/Adminhtml/Widget/AddField.php on line 23
2014-10-22T06:14:58+00:00 ERR (3): Notice: Undefined index: required  in /usr/share/nginx/thaymatkinh/app/code/local/Sm/Megamenu/Block/Adminhtml/Widget/AddField.php on line 24
2014-10-22T06:14:58+00:00 ERR (3): Notice: Undefined index: type  in /usr/share/nginx/thaymatkinh/app/code/local/Sm/Megamenu/Block/Adminhtml/Widget/AddField.php on line 25
2014-10-22T06:14:58+00:00 ERR (3): Notice: Undefined index: values  in /usr/share/nginx/thaymatkinh/app/code/local/Sm/Megamenu/Block/Adminhtml/Widget/AddField.php on line 27
2014-10-22T06:14:58+00:00 ERR (3): Notice: Undefined index: visible  in /usr/share/nginx/thaymatkinh/app/code/local/Sm/Megamenu/Block/Adminhtml/Widget/AddField.php on line 23
2014-10-22T06:14:58+00:00 ERR (3): Notice: Undefined index: required  in /usr/share/nginx/thaymatkinh/app/code/local/Sm/Megamenu/Block/Adminhtml/Widget/AddField.php on line 24
2014-10-22T06:14:58+00:00 ERR (3): Notice: Undefined index: type  in /usr/share/nginx/thaymatkinh/app/code/local/Sm/Megamenu/Block/Adminhtml/Widget/AddField.php on line 25
2014-10-22T06:14:58+00:00 ERR (3): Notice: Undefined index: values  in /usr/share/nginx/thaymatkinh/app/code/local/Sm/Megamenu/Block/Adminhtml/Widget/AddField.php on line 27
2014-10-22T06:36:56+00:00 DEBUG (7): HEADERS ALREADY SENT: <pre>[0] /usr/share/nginx/thaymatkinh/app/code/core/Mage/Core/Controller/Response/Http.php:52
[1] /usr/share/nginx/thaymatkinh/lib/Zend/Controller/Response/Abstract.php:768
[2] /usr/share/nginx/thaymatkinh/app/code/core/Mage/Core/Controller/Response/Http.php:84
[3] /usr/share/nginx/thaymatkinh/app/code/core/Mage/Core/Controller/Varien/Front.php:184
[4] /usr/share/nginx/thaymatkinh/app/code/core/Mage/Core/Model/App.php:354
[5] /usr/share/nginx/thaymatkinh/app/Mage.php:684
[6] /usr/share/nginx/thaymatkinh/index.php:87
</pre>
2014-10-22T09:47:23+00:00 ERR (3): Notice: Undefined index: REQUEST_SCHEME  in /usr/share/nginx/thaymatkinh/app/code/local/Sm/DynamicSlideshow/Block/Sliders/Preview.php on line 727
2014-10-23T01:42:21+00:00 ERR (3): Notice: Undefined index: REQUEST_SCHEME  in /usr/share/nginx/thaymatkinh/app/code/local/Sm/DynamicSlideshow/Block/Sliders/Preview.php on line 727
2014-10-23T01:45:20+00:00 ERR (3): Notice: Undefined index: REQUEST_SCHEME  in /usr/share/nginx/thaymatkinh/app/code/local/Sm/DynamicSlideshow/Block/Sliders/Preview.php on line 727
2014-10-23T01:46:09+00:00 ERR (3): Notice: Undefined index: REQUEST_SCHEME  in /usr/share/nginx/thaymatkinh/app/code/local/Sm/DynamicSlideshow/Block/Sliders/Preview.php on line 727
2014-10-23T01:46:36+00:00 ERR (3): Notice: Undefined index: REQUEST_SCHEME  in /usr/share/nginx/thaymatkinh/app/code/local/Sm/DynamicSlideshow/Block/Sliders/Preview.php on line 727
2014-10-23T01:50:28+00:00 DEBUG (7): HEADERS ALREADY SENT: <pre>[0] /usr/share/nginx/thaymatkinh/app/code/core/Mage/Core/Controller/Response/Http.php:52
[1] /usr/share/nginx/thaymatkinh/lib/Zend/Controller/Response/Abstract.php:768
[2] /usr/share/nginx/thaymatkinh/app/code/core/Mage/Core/Controller/Response/Http.php:84
[3] /usr/share/nginx/thaymatkinh/app/code/core/Mage/Core/Controller/Varien/Front.php:184
[4] /usr/share/nginx/thaymatkinh/app/code/core/Mage/Core/Model/App.php:354
[5] /usr/share/nginx/thaymatkinh/app/Mage.php:684
[6] /usr/share/nginx/thaymatkinh/index.php:87
</pre>
2014-10-23T01:50:33+00:00 DEBUG (7): HEADERS ALREADY SENT: <pre>[0] /usr/share/nginx/thaymatkinh/app/code/core/Mage/Core/Controller/Response/Http.php:52
[1] /usr/share/nginx/thaymatkinh/lib/Zend/Controller/Response/Abstract.php:768
[2] /usr/share/nginx/thaymatkinh/app/code/core/Mage/Core/Controller/Response/Http.php:84
[3] /usr/share/nginx/thaymatkinh/app/code/core/Mage/Core/Controller/Varien/Front.php:184
[4] /usr/share/nginx/thaymatkinh/app/code/core/Mage/Core/Model/App.php:354
[5] /usr/share/nginx/thaymatkinh/app/Mage.php:684
[6] /usr/share/nginx/thaymatkinh/index.php:87
</pre>
2014-10-23T01:51:04+00:00 ERR (3): Notice: Undefined index: REQUEST_SCHEME  in /usr/share/nginx/thaymatkinh/app/code/local/Sm/DynamicSlideshow/Block/Sliders/Preview.php on line 727
2014-10-23T01:54:07+00:00 ERR (3): Notice: Undefined index: REQUEST_SCHEME  in /usr/share/nginx/thaymatkinh/app/code/local/Sm/DynamicSlideshow/Block/Sliders/Preview.php on line 727
2014-10-23T01:54:51+00:00 ERR (3): Notice: Undefined index: REQUEST_SCHEME  in /usr/share/nginx/thaymatkinh/app/code/local/Sm/DynamicSlideshow/Block/Sliders/Preview.php on line 727
2014-10-23T01:55:14+00:00 ERR (3): Notice: Undefined index: REQUEST_SCHEME  in /usr/share/nginx/thaymatkinh/app/code/local/Sm/DynamicSlideshow/Block/Sliders/Preview.php on line 727
2014-10-23T01:55:45+00:00 ERR (3): Notice: Undefined index: REQUEST_SCHEME  in /usr/share/nginx/thaymatkinh/app/code/local/Sm/DynamicSlideshow/Block/Sliders/Preview.php on line 727
2014-10-23T01:56:03+00:00 ERR (3): Notice: Undefined index: REQUEST_SCHEME  in /usr/share/nginx/thaymatkinh/app/code/local/Sm/DynamicSlideshow/Block/Sliders/Preview.php on line 727
2014-10-23T01:56:39+00:00 ERR (3): Notice: Undefined index: REQUEST_SCHEME  in /usr/share/nginx/thaymatkinh/app/code/local/Sm/DynamicSlideshow/Block/Sliders/Preview.php on line 727
2014-10-23T01:56:56+00:00 ERR (3): Notice: Undefined index: REQUEST_SCHEME  in /usr/share/nginx/thaymatkinh/app/code/local/Sm/DynamicSlideshow/Block/Sliders/Preview.php on line 727
2014-10-23T01:59:18+00:00 ERR (3): Notice: Undefined index: REQUEST_SCHEME  in /usr/share/nginx/thaymatkinh/app/code/local/Sm/DynamicSlideshow/Block/Sliders/Preview.php on line 727
2014-10-23T02:28:51+00:00 ERR (3): Notice: Undefined index: REQUEST_SCHEME  in /usr/share/nginx/thaymatkinh/app/code/local/Sm/DynamicSlideshow/Block/Sliders/Preview.php on line 727
2014-10-23T02:29:54+00:00 ERR (3): Notice: Undefined index: REQUEST_SCHEME  in /usr/share/nginx/thaymatkinh/app/code/local/Sm/DynamicSlideshow/Block/Sliders/Preview.php on line 727
2014-10-23T02:30:00+00:00 ERR (3): Notice: Undefined index: REQUEST_SCHEME  in /usr/share/nginx/thaymatkinh/app/code/local/Sm/DynamicSlideshow/Block/Sliders/Preview.php on line 727
2014-10-23T02:30:09+00:00 ERR (3): Notice: Undefined index: REQUEST_SCHEME  in /usr/share/nginx/thaymatkinh/app/code/local/Sm/DynamicSlideshow/Block/Sliders/Preview.php on line 727
2014-10-23T02:43:33+00:00 ERR (3): Notice: Undefined index: REQUEST_SCHEME  in /usr/share/nginx/thaymatkinh/app/code/local/Sm/DynamicSlideshow/Block/Sliders/Preview.php on line 727
2014-10-23T02:44:12+00:00 ERR (3): Warning: in_array() expects parameter 2 to be array, null given  in /usr/share/nginx/thaymatkinh/app/code/local/Sm/Megamenu/Block/List.php on line 238
2014-10-23T02:44:12+00:00 ERR (3): Warning: in_array() expects parameter 2 to be array, null given  in /usr/share/nginx/thaymatkinh/app/code/local/Sm/Megamenu/Block/List.php on line 238
2014-10-23T02:44:12+00:00 ERR (3): Warning: in_array() expects parameter 2 to be array, null given  in /usr/share/nginx/thaymatkinh/app/code/local/Sm/Megamenu/Block/List.php on line 238
2014-10-23T02:44:12+00:00 ERR (3): Warning: in_array() expects parameter 2 to be array, null given  in /usr/share/nginx/thaymatkinh/app/code/local/Sm/Megamenu/Block/List.php on line 238
2014-10-23T02:44:12+00:00 ERR (3): Warning: in_array() expects parameter 2 to be array, null given  in /usr/share/nginx/thaymatkinh/app/code/local/Sm/Megamenu/Block/List.php on line 238
2014-10-23T02:44:12+00:00 ERR (3): Warning: in_array() expects parameter 2 to be array, null given  in /usr/share/nginx/thaymatkinh/app/code/local/Sm/Megamenu/Block/List.php on line 238
2014-10-23T02:44:12+00:00 ERR (3): Warning: in_array() expects parameter 2 to be array, null given  in /usr/share/nginx/thaymatkinh/app/code/local/Sm/Megamenu/Block/List.php on line 238
2014-10-23T02:44:12+00:00 ERR (3): Warning: in_array() expects parameter 2 to be array, null given  in /usr/share/nginx/thaymatkinh/app/code/local/Sm/Megamenu/Block/List.php on line 238
2014-10-23T02:44:12+00:00 ERR (3): Warning: in_array() expects parameter 2 to be array, null given  in /usr/share/nginx/thaymatkinh/app/code/local/Sm/Megamenu/Block/List.php on line 238
2014-10-23T02:44:12+00:00 ERR (3): Warning: in_array() expects parameter 2 to be array, null given  in /usr/share/nginx/thaymatkinh/app/code/local/Sm/Megamenu/Block/List.php on line 238
2014-10-23T02:44:33+00:00 ERR (3): Notice: Undefined index: REQUEST_SCHEME  in /usr/share/nginx/thaymatkinh/app/code/local/Sm/DynamicSlideshow/Block/Sliders/Preview.php on line 727
2014-10-23T02:49:11+00:00 ERR (3): Notice: Undefined index: REQUEST_SCHEME  in /usr/share/nginx/thaymatkinh/app/code/local/Sm/DynamicSlideshow/Block/Sliders/Preview.php on line 727
2014-10-23T02:51:23+00:00 ERR (3): Notice: Undefined index: REQUEST_SCHEME  in /usr/share/nginx/thaymatkinh/app/code/local/Sm/DynamicSlideshow/Block/Sliders/Preview.php on line 727
2014-10-23T03:22:34+00:00 ERR (3): Notice: Undefined index: REQUEST_SCHEME  in /usr/share/nginx/thaymatkinh/app/code/local/Sm/DynamicSlideshow/Block/Sliders/Preview.php on line 727
2014-10-23T03:23:16+00:00 ERR (3): Notice: Undefined index: REQUEST_SCHEME  in /usr/share/nginx/thaymatkinh/app/code/local/Sm/DynamicSlideshow/Block/Sliders/Preview.php on line 727
2014-10-23T04:16:48+00:00 ERR (3): Notice: Undefined index: REQUEST_SCHEME  in /usr/share/nginx/thaymatkinh/app/code/local/Sm/DynamicSlideshow/Block/Sliders/Preview.php on line 727
2014-10-23T04:17:34+00:00 DEBUG (7): HEADERS ALREADY SENT: <pre>[0] /usr/share/nginx/thaymatkinh/app/code/core/Mage/Core/Controller/Response/Http.php:52
[1] /usr/share/nginx/thaymatkinh/lib/Zend/Controller/Response/Abstract.php:768
[2] /usr/share/nginx/thaymatkinh/app/code/core/Mage/Core/Controller/Response/Http.php:84
[3] /usr/share/nginx/thaymatkinh/app/code/core/Mage/Core/Controller/Varien/Front.php:184
[4] /usr/share/nginx/thaymatkinh/app/code/core/Mage/Core/Model/App.php:354
[5] /usr/share/nginx/thaymatkinh/app/Mage.php:684
[6] /usr/share/nginx/thaymatkinh/index.php:87
</pre>
2014-10-23T04:17:35+00:00 DEBUG (7): HEADERS ALREADY SENT: <pre>[0] /usr/share/nginx/thaymatkinh/app/code/core/Mage/Core/Controller/Response/Http.php:52
[1] /usr/share/nginx/thaymatkinh/lib/Zend/Controller/Response/Abstract.php:768
[2] /usr/share/nginx/thaymatkinh/app/code/core/Mage/Core/Controller/Response/Http.php:84
[3] /usr/share/nginx/thaymatkinh/app/code/core/Mage/Core/Controller/Varien/Front.php:184
[4] /usr/share/nginx/thaymatkinh/app/code/core/Mage/Core/Model/App.php:354
[5] /usr/share/nginx/thaymatkinh/app/Mage.php:684
[6] /usr/share/nginx/thaymatkinh/index.php:87
</pre>
2014-10-23T04:17:43+00:00 DEBUG (7): HEADERS ALREADY SENT: <pre>[0] /usr/share/nginx/thaymatkinh/app/code/core/Mage/Core/Controller/Response/Http.php:52
[1] /usr/share/nginx/thaymatkinh/lib/Zend/Controller/Response/Abstract.php:768
[2] /usr/share/nginx/thaymatkinh/app/code/core/Mage/Core/Controller/Response/Http.php:84
[3] /usr/share/nginx/thaymatkinh/app/code/core/Mage/Core/Controller/Varien/Front.php:184
[4] /usr/share/nginx/thaymatkinh/app/code/core/Mage/Core/Model/App.php:354
[5] /usr/share/nginx/thaymatkinh/app/Mage.php:684
[6] /usr/share/nginx/thaymatkinh/index.php:87
</pre>
2014-10-23T04:22:26+00:00 ERR (3): Notice: Undefined index: REQUEST_SCHEME  in /usr/share/nginx/thaymatkinh/app/code/local/Sm/DynamicSlideshow/Block/Sliders/Preview.php on line 727
2014-10-23T04:22:39+00:00 ERR (3): Warning: in_array() expects parameter 2 to be array, null given  in /usr/share/nginx/thaymatkinh/app/code/local/Sm/Megamenu/Block/List.php on line 238
2014-10-23T04:22:39+00:00 ERR (3): Warning: in_array() expects parameter 2 to be array, null given  in /usr/share/nginx/thaymatkinh/app/code/local/Sm/Megamenu/Block/List.php on line 238
2014-10-23T04:22:39+00:00 ERR (3): Warning: in_array() expects parameter 2 to be array, null given  in /usr/share/nginx/thaymatkinh/app/code/local/Sm/Megamenu/Block/List.php on line 238
2014-10-23T04:22:39+00:00 ERR (3): Warning: in_array() expects parameter 2 to be array, null given  in /usr/share/nginx/thaymatkinh/app/code/local/Sm/Megamenu/Block/List.php on line 238
2014-10-23T04:22:39+00:00 ERR (3): Warning: in_array() expects parameter 2 to be array, null given  in /usr/share/nginx/thaymatkinh/app/code/local/Sm/Megamenu/Block/List.php on line 238
2014-10-23T04:22:39+00:00 ERR (3): Warning: in_array() expects parameter 2 to be array, null given  in /usr/share/nginx/thaymatkinh/app/code/local/Sm/Megamenu/Block/List.php on line 238
2014-10-23T04:22:39+00:00 ERR (3): Warning: in_array() expects parameter 2 to be array, null given  in /usr/share/nginx/thaymatkinh/app/code/local/Sm/Megamenu/Block/List.php on line 238
2014-10-23T04:22:39+00:00 ERR (3): Warning: in_array() expects parameter 2 to be array, null given  in /usr/share/nginx/thaymatkinh/app/code/local/Sm/Megamenu/Block/List.php on line 238
2014-10-23T04:22:39+00:00 ERR (3): Warning: in_array() expects parameter 2 to be array, null given  in /usr/share/nginx/thaymatkinh/app/code/local/Sm/Megamenu/Block/List.php on line 238
2014-10-23T04:22:39+00:00 ERR (3): Warning: in_array() expects parameter 2 to be array, null given  in /usr/share/nginx/thaymatkinh/app/code/local/Sm/Megamenu/Block/List.php on line 238
2014-10-23T04:22:57+00:00 ERR (3): Warning: in_array() expects parameter 2 to be array, null given  in /usr/share/nginx/thaymatkinh/app/code/local/Sm/Megamenu/Block/List.php on line 238
2014-10-23T04:22:57+00:00 ERR (3): Warning: in_array() expects parameter 2 to be array, null given  in /usr/share/nginx/thaymatkinh/app/code/local/Sm/Megamenu/Block/List.php on line 238
2014-10-23T04:22:57+00:00 ERR (3): Warning: in_array() expects parameter 2 to be array, null given  in /usr/share/nginx/thaymatkinh/app/code/local/Sm/Megamenu/Block/List.php on line 238
2014-10-23T04:22:57+00:00 ERR (3): Warning: in_array() expects parameter 2 to be array, null given  in /usr/share/nginx/thaymatkinh/app/code/local/Sm/Megamenu/Block/List.php on line 238
2014-10-23T04:22:57+00:00 ERR (3): Warning: in_array() expects parameter 2 to be array, null given  in /usr/share/nginx/thaymatkinh/app/code/local/Sm/Megamenu/Block/List.php on line 238
2014-10-23T04:22:57+00:00 ERR (3): Warning: in_array() expects parameter 2 to be array, null given  in /usr/share/nginx/thaymatkinh/app/code/local/Sm/Megamenu/Block/List.php on line 238
2014-10-23T04:22:57+00:00 ERR (3): Warning: in_array() expects parameter 2 to be array, null given  in /usr/share/nginx/thaymatkinh/app/code/local/Sm/Megamenu/Block/List.php on line 238
2014-10-23T04:22:57+00:00 ERR (3): Warning: in_array() expects parameter 2 to be array, null given  in /usr/share/nginx/thaymatkinh/app/code/local/Sm/Megamenu/Block/List.php on line 238
2014-10-23T04:22:57+00:00 ERR (3): Warning: in_array() expects parameter 2 to be array, null given  in /usr/share/nginx/thaymatkinh/app/code/local/Sm/Megamenu/Block/List.php on line 238
2014-10-23T04:22:57+00:00 ERR (3): Warning: in_array() expects parameter 2 to be array, null given  in /usr/share/nginx/thaymatkinh/app/code/local/Sm/Megamenu/Block/List.php on line 238
2014-10-23T04:23:07+00:00 ERR (3): Warning: in_array() expects parameter 2 to be array, null given  in /usr/share/nginx/thaymatkinh/app/code/local/Sm/Megamenu/Block/List.php on line 238
2014-10-23T04:23:07+00:00 ERR (3): Warning: in_array() expects parameter 2 to be array, null given  in /usr/share/nginx/thaymatkinh/app/code/local/Sm/Megamenu/Block/List.php on line 238
2014-10-23T04:23:07+00:00 ERR (3): Warning: in_array() expects parameter 2 to be array, null given  in /usr/share/nginx/thaymatkinh/app/code/local/Sm/Megamenu/Block/List.php on line 238
2014-10-23T04:23:07+00:00 ERR (3): Warning: in_array() expects parameter 2 to be array, null given  in /usr/share/nginx/thaymatkinh/app/code/local/Sm/Megamenu/Block/List.php on line 238
2014-10-23T04:23:07+00:00 ERR (3): Warning: in_array() expects parameter 2 to be array, null given  in /usr/share/nginx/thaymatkinh/app/code/local/Sm/Megamenu/Block/List.php on line 238
2014-10-23T04:23:07+00:00 ERR (3): Warning: in_array() expects parameter 2 to be array, null given  in /usr/share/nginx/thaymatkinh/app/code/local/Sm/Megamenu/Block/List.php on line 238
2014-10-23T04:23:07+00:00 ERR (3): Warning: in_array() expects parameter 2 to be array, null given  in /usr/share/nginx/thaymatkinh/app/code/local/Sm/Megamenu/Block/List.php on line 238
2014-10-23T04:23:07+00:00 ERR (3): Warning: in_array() expects parameter 2 to be array, null given  in /usr/share/nginx/thaymatkinh/app/code/local/Sm/Megamenu/Block/List.php on line 238
2014-10-23T04:23:07+00:00 ERR (3): Warning: in_array() expects parameter 2 to be array, null given  in /usr/share/nginx/thaymatkinh/app/code/local/Sm/Megamenu/Block/List.php on line 238
2014-10-23T04:23:07+00:00 ERR (3): Warning: in_array() expects parameter 2 to be array, null given  in /usr/share/nginx/thaymatkinh/app/code/local/Sm/Megamenu/Block/List.php on line 238
2014-10-23T04:23:11+00:00 ERR (3): Warning: in_array() expects parameter 2 to be array, null given  in /usr/share/nginx/thaymatkinh/app/code/local/Sm/Megamenu/Block/List.php on line 238
2014-10-23T04:23:11+00:00 ERR (3): Warning: in_array() expects parameter 2 to be array, null given  in /usr/share/nginx/thaymatkinh/app/code/local/Sm/Megamenu/Block/List.php on line 238
2014-10-23T04:23:11+00:00 ERR (3): Warning: in_array() expects parameter 2 to be array, null given  in /usr/share/nginx/thaymatkinh/app/code/local/Sm/Megamenu/Block/List.php on line 238
2014-10-23T04:23:11+00:00 ERR (3): Warning: in_array() expects parameter 2 to be array, null given  in /usr/share/nginx/thaymatkinh/app/code/local/Sm/Megamenu/Block/List.php on line 238
2014-10-23T04:23:11+00:00 ERR (3): Warning: in_array() expects parameter 2 to be array, null given  in /usr/share/nginx/thaymatkinh/app/code/local/Sm/Megamenu/Block/List.php on line 238
2014-10-23T04:23:11+00:00 ERR (3): Warning: in_array() expects parameter 2 to be array, null given  in /usr/share/nginx/thaymatkinh/app/code/local/Sm/Megamenu/Block/List.php on line 238
2014-10-23T04:23:11+00:00 ERR (3): Warning: in_array() expects parameter 2 to be array, null given  in /usr/share/nginx/thaymatkinh/app/code/local/Sm/Megamenu/Block/List.php on line 238
2014-10-23T04:23:11+00:00 ERR (3): Warning: in_array() expects parameter 2 to be array, null given  in /usr/share/nginx/thaymatkinh/app/code/local/Sm/Megamenu/Block/List.php on line 238
2014-10-23T04:23:11+00:00 ERR (3): Warning: in_array() expects parameter 2 to be array, null given  in /usr/share/nginx/thaymatkinh/app/code/local/Sm/Megamenu/Block/List.php on line 238
2014-10-23T04:23:11+00:00 ERR (3): Warning: in_array() expects parameter 2 to be array, null given  in /usr/share/nginx/thaymatkinh/app/code/local/Sm/Megamenu/Block/List.php on line 238
2014-10-23T04:23:16+00:00 ERR (3): Warning: in_array() expects parameter 2 to be array, null given  in /usr/share/nginx/thaymatkinh/app/code/local/Sm/Megamenu/Block/List.php on line 238
2014-10-23T04:23:16+00:00 ERR (3): Warning: in_array() expects parameter 2 to be array, null given  in /usr/share/nginx/thaymatkinh/app/code/local/Sm/Megamenu/Block/List.php on line 238
2014-10-23T04:23:16+00:00 ERR (3): Warning: in_array() expects parameter 2 to be array, null given  in /usr/share/nginx/thaymatkinh/app/code/local/Sm/Megamenu/Block/List.php on line 238
2014-10-23T04:23:16+00:00 ERR (3): Warning: in_array() expects parameter 2 to be array, null given  in /usr/share/nginx/thaymatkinh/app/code/local/Sm/Megamenu/Block/List.php on line 238
2014-10-23T04:23:16+00:00 ERR (3): Warning: in_array() expects parameter 2 to be array, null given  in /usr/share/nginx/thaymatkinh/app/code/local/Sm/Megamenu/Block/List.php on line 238
2014-10-23T04:23:16+00:00 ERR (3): Warning: in_array() expects parameter 2 to be array, null given  in /usr/share/nginx/thaymatkinh/app/code/local/Sm/Megamenu/Block/List.php on line 238
2014-10-23T04:23:16+00:00 ERR (3): Warning: in_array() expects parameter 2 to be array, null given  in /usr/share/nginx/thaymatkinh/app/code/local/Sm/Megamenu/Block/List.php on line 238
2014-10-23T04:23:16+00:00 ERR (3): Warning: in_array() expects parameter 2 to be array, null given  in /usr/share/nginx/thaymatkinh/app/code/local/Sm/Megamenu/Block/List.php on line 238
2014-10-23T04:23:16+00:00 ERR (3): Warning: in_array() expects parameter 2 to be array, null given  in /usr/share/nginx/thaymatkinh/app/code/local/Sm/Megamenu/Block/List.php on line 238
2014-10-23T04:23:16+00:00 ERR (3): Warning: in_array() expects parameter 2 to be array, null given  in /usr/share/nginx/thaymatkinh/app/code/local/Sm/Megamenu/Block/List.php on line 238
2014-10-23T04:23:49+00:00 ERR (3): Warning: in_array() expects parameter 2 to be array, null given  in /usr/share/nginx/thaymatkinh/app/code/local/Sm/Megamenu/Block/List.php on line 238
2014-10-23T04:23:49+00:00 ERR (3): Warning: in_array() expects parameter 2 to be array, null given  in /usr/share/nginx/thaymatkinh/app/code/local/Sm/Megamenu/Block/List.php on line 238
2014-10-23T04:23:49+00:00 ERR (3): Warning: in_array() expects parameter 2 to be array, null given  in /usr/share/nginx/thaymatkinh/app/code/local/Sm/Megamenu/Block/List.php on line 238
2014-10-23T04:23:49+00:00 ERR (3): Warning: in_array() expects parameter 2 to be array, null given  in /usr/share/nginx/thaymatkinh/app/code/local/Sm/Megamenu/Block/List.php on line 238
2014-10-23T04:23:49+00:00 ERR (3): Warning: in_array() expects parameter 2 to be array, null given  in /usr/share/nginx/thaymatkinh/app/code/local/Sm/Megamenu/Block/List.php on line 238
2014-10-23T04:23:49+00:00 ERR (3): Warning: in_array() expects parameter 2 to be array, null given  in /usr/share/nginx/thaymatkinh/app/code/local/Sm/Megamenu/Block/List.php on line 238
2014-10-23T04:23:49+00:00 ERR (3): Warning: in_array() expects parameter 2 to be array, null given  in /usr/share/nginx/thaymatkinh/app/code/local/Sm/Megamenu/Block/List.php on line 238
2014-10-23T04:23:49+00:00 ERR (3): Warning: in_array() expects parameter 2 to be array, null given  in /usr/share/nginx/thaymatkinh/app/code/local/Sm/Megamenu/Block/List.php on line 238
2014-10-23T04:23:49+00:00 ERR (3): Warning: in_array() expects parameter 2 to be array, null given  in /usr/share/nginx/thaymatkinh/app/code/local/Sm/Megamenu/Block/List.php on line 238
2014-10-23T04:23:49+00:00 ERR (3): Warning: in_array() expects parameter 2 to be array, null given  in /usr/share/nginx/thaymatkinh/app/code/local/Sm/Megamenu/Block/List.php on line 238
2014-10-23T04:24:13+00:00 ERR (3): Warning: in_array() expects parameter 2 to be array, null given  in /usr/share/nginx/thaymatkinh/app/code/local/Sm/Megamenu/Block/List.php on line 238
2014-10-23T04:24:13+00:00 ERR (3): Warning: in_array() expects parameter 2 to be array, null given  in /usr/share/nginx/thaymatkinh/app/code/local/Sm/Megamenu/Block/List.php on line 238
2014-10-23T04:24:13+00:00 ERR (3): Warning: in_array() expects parameter 2 to be array, null given  in /usr/share/nginx/thaymatkinh/app/code/local/Sm/Megamenu/Block/List.php on line 238
2014-10-23T04:24:13+00:00 ERR (3): Warning: in_array() expects parameter 2 to be array, null given  in /usr/share/nginx/thaymatkinh/app/code/local/Sm/Megamenu/Block/List.php on line 238
2014-10-23T04:24:13+00:00 ERR (3): Warning: in_array() expects parameter 2 to be array, null given  in /usr/share/nginx/thaymatkinh/app/code/local/Sm/Megamenu/Block/List.php on line 238
2014-10-23T04:24:13+00:00 ERR (3): Warning: in_array() expects parameter 2 to be array, null given  in /usr/share/nginx/thaymatkinh/app/code/local/Sm/Megamenu/Block/List.php on line 238
2014-10-23T04:24:13+00:00 ERR (3): Warning: in_array() expects parameter 2 to be array, null given  in /usr/share/nginx/thaymatkinh/app/code/local/Sm/Megamenu/Block/List.php on line 238
2014-10-23T04:24:13+00:00 ERR (3): Warning: in_array() expects parameter 2 to be array, null given  in /usr/share/nginx/thaymatkinh/app/code/local/Sm/Megamenu/Block/List.php on line 238
2014-10-23T04:24:13+00:00 ERR (3): Warning: in_array() expects parameter 2 to be array, null given  in /usr/share/nginx/thaymatkinh/app/code/local/Sm/Megamenu/Block/List.php on line 238
2014-10-23T04:24:13+00:00 ERR (3): Warning: in_array() expects parameter 2 to be array, null given  in /usr/share/nginx/thaymatkinh/app/code/local/Sm/Megamenu/Block/List.php on line 238
2014-10-23T04:24:18+00:00 ERR (3): Notice: Undefined index: REQUEST_SCHEME  in /usr/share/nginx/thaymatkinh/app/code/local/Sm/DynamicSlideshow/Block/Sliders/Preview.php on line 727
2014-10-23T04:24:20+00:00 ERR (3): Notice: Undefined index: REQUEST_SCHEME  in /usr/share/nginx/thaymatkinh/app/code/local/Sm/DynamicSlideshow/Block/Sliders/Preview.php on line 727
2014-10-23T12:45:55+00:00 ERR (3): Notice: Undefined index: REQUEST_SCHEME  in /usr/share/nginx/thaymatkinh/app/code/local/Sm/DynamicSlideshow/Block/Sliders/Preview.php on line 727
2014-10-24T06:06:25+00:00 ERR (3): Notice: Undefined index: REQUEST_SCHEME  in /usr/share/nginx/thaymatkinh/app/code/local/Sm/DynamicSlideshow/Block/Sliders/Preview.php on line 727
2014-10-24T06:06:32+00:00 ERR (3): Notice: Undefined index: REQUEST_SCHEME  in /usr/share/nginx/thaymatkinh/app/code/local/Sm/DynamicSlideshow/Block/Sliders/Preview.php on line 727
2014-10-24T06:26:47+00:00 DEBUG (7): HEADERS ALREADY SENT: <pre>[0] /usr/share/nginx/thaymatkinh/app/code/core/Mage/Core/Controller/Response/Http.php:52
[1] /usr/share/nginx/thaymatkinh/lib/Zend/Controller/Response/Abstract.php:768
[2] /usr/share/nginx/thaymatkinh/app/code/core/Mage/Core/Controller/Response/Http.php:84
[3] /usr/share/nginx/thaymatkinh/app/code/core/Mage/Core/Controller/Varien/Front.php:184
[4] /usr/share/nginx/thaymatkinh/app/code/core/Mage/Core/Model/App.php:354
[5] /usr/share/nginx/thaymatkinh/app/Mage.php:684
[6] /usr/share/nginx/thaymatkinh/index.php:87
</pre>
2014-10-24T06:26:49+00:00 DEBUG (7): HEADERS ALREADY SENT: <pre>[0] /usr/share/nginx/thaymatkinh/app/code/core/Mage/Core/Controller/Response/Http.php:52
[1] /usr/share/nginx/thaymatkinh/lib/Zend/Controller/Response/Abstract.php:768
[2] /usr/share/nginx/thaymatkinh/app/code/core/Mage/Core/Controller/Response/Http.php:84
[3] /usr/share/nginx/thaymatkinh/app/code/core/Mage/Core/Controller/Varien/Front.php:184
[4] /usr/share/nginx/thaymatkinh/app/code/core/Mage/Core/Model/App.php:354
[5] /usr/share/nginx/thaymatkinh/app/Mage.php:684
[6] /usr/share/nginx/thaymatkinh/index.php:87
</pre>
2014-10-24T06:26:51+00:00 DEBUG (7): HEADERS ALREADY SENT: <pre>[0] /usr/share/nginx/thaymatkinh/app/code/core/Mage/Core/Controller/Response/Http.php:52
[1] /usr/share/nginx/thaymatkinh/lib/Zend/Controller/Response/Abstract.php:768
[2] /usr/share/nginx/thaymatkinh/app/code/core/Mage/Core/Controller/Response/Http.php:84
[3] /usr/share/nginx/thaymatkinh/app/code/core/Mage/Core/Controller/Varien/Front.php:184
[4] /usr/share/nginx/thaymatkinh/app/code/core/Mage/Core/Model/App.php:354
[5] /usr/share/nginx/thaymatkinh/app/Mage.php:684
[6] /usr/share/nginx/thaymatkinh/index.php:87
</pre>
2014-10-24T07:57:35+00:00 ERR (3): Notice: Undefined index: REQUEST_SCHEME  in /usr/share/nginx/thaymatkinh/app/code/local/Sm/DynamicSlideshow/Block/Sliders/Preview.php on line 727
2014-10-24T07:58:37+00:00 ERR (3): Notice: Undefined index: REQUEST_SCHEME  in /usr/share/nginx/thaymatkinh/app/code/local/Sm/DynamicSlideshow/Block/Sliders/Preview.php on line 727
2014-10-24T07:58:42+00:00 ERR (3): Notice: Undefined index: REQUEST_SCHEME  in /usr/share/nginx/thaymatkinh/app/code/local/Sm/DynamicSlideshow/Block/Sliders/Preview.php on line 727
2014-10-24T07:59:43+00:00 DEBUG (7): HEADERS ALREADY SENT: <pre>[0] /usr/share/nginx/thaymatkinh/app/code/core/Mage/Core/Controller/Response/Http.php:52
[1] /usr/share/nginx/thaymatkinh/lib/Zend/Controller/Response/Abstract.php:768
[2] /usr/share/nginx/thaymatkinh/app/code/core/Mage/Core/Controller/Response/Http.php:84
[3] /usr/share/nginx/thaymatkinh/app/code/core/Mage/Core/Controller/Varien/Front.php:184
[4] /usr/share/nginx/thaymatkinh/app/code/core/Mage/Core/Model/App.php:354
[5] /usr/share/nginx/thaymatkinh/app/Mage.php:684
[6] /usr/share/nginx/thaymatkinh/index.php:87
</pre>
2014-10-24T07:59:44+00:00 DEBUG (7): HEADERS ALREADY SENT: <pre>[0] /usr/share/nginx/thaymatkinh/app/code/core/Mage/Core/Controller/Response/Http.php:52
[1] /usr/share/nginx/thaymatkinh/lib/Zend/Controller/Response/Abstract.php:768
[2] /usr/share/nginx/thaymatkinh/app/code/core/Mage/Core/Controller/Response/Http.php:84
[3] /usr/share/nginx/thaymatkinh/app/code/core/Mage/Core/Controller/Varien/Front.php:184
[4] /usr/share/nginx/thaymatkinh/app/code/core/Mage/Core/Model/App.php:354
[5] /usr/share/nginx/thaymatkinh/app/Mage.php:684
[6] /usr/share/nginx/thaymatkinh/index.php:87
</pre>
2014-10-24T08:00:12+00:00 DEBUG (7): HEADERS ALREADY SENT: <pre>[0] /usr/share/nginx/thaymatkinh/app/code/core/Mage/Core/Controller/Response/Http.php:52
[1] /usr/share/nginx/thaymatkinh/lib/Zend/Controller/Response/Abstract.php:768
[2] /usr/share/nginx/thaymatkinh/app/code/core/Mage/Core/Controller/Response/Http.php:84
[3] /usr/share/nginx/thaymatkinh/app/code/core/Mage/Core/Controller/Varien/Front.php:184
[4] /usr/share/nginx/thaymatkinh/app/code/core/Mage/Core/Model/App.php:354
[5] /usr/share/nginx/thaymatkinh/app/Mage.php:684
[6] /usr/share/nginx/thaymatkinh/index.php:87
</pre>
